<?xml version="1.0" encoding="UTF-8"?>
<!-- Generated by org.testng.reporters.JUnitXMLReporter -->
<testsuite hostname="aj-305E4A-305E5A-305E7A" ignored="2" name="Default test" tests="1" failures="0" timestamp="25 May 2017 17:44:09 GMT" time="0.12" errors="0">
  <testcase name="testcase3" time="0.025" classname="demo1.NewTest"/>
  <testcase name="testcase1" time="0.0" classname="demo1.NewTest">
    <ignored/>
  </testcase> <!-- testcase1 -->
  <testcase name="testcase2" time="0.0" classname="demo1.NewTest">
    <ignored/>
  </testcase> <!-- testcase2 -->
</testsuite> <!-- Default test -->
