<?xml version="1.0" encoding="UTF-8"?>
<testng-results skipped="0" failed="0" ignored="0" total="1" passed="1">
  <reporter-output>
  </reporter-output>
  <suite name="Default suite" duration-ms="8878" started-at="2017-06-13T11:21:32Z" finished-at="2017-06-13T11:21:40Z">
    <groups>
    </groups>
    <test name="Default test" duration-ms="8878" started-at="2017-06-13T11:21:32Z" finished-at="2017-06-13T11:21:40Z">
      <class name="Erp.Loginelement">
        <test-method status="PASS" signature="testPageTitle()[pri:0, instance:Erp.Loginelement@d8355a8]" name="testPageTitle" duration-ms="8774" started-at="2017-06-13T16:51:32Z" finished-at="2017-06-13T16:51:40Z">
          <reporter-output>
          </reporter-output>
        </test-method> <!-- testPageTitle -->
      </class> <!-- Erp.Loginelement -->
    </test> <!-- Default test -->
  </suite> <!-- Default suite -->
</testng-results>
