<?xml version="1.0" encoding="UTF-8"?>
<testng-results skipped="0" failed="0" ignored="0" total="0" passed="0">
  <reporter-output>
  </reporter-output>
  <suite name="Default suite" duration-ms="181059" started-at="2017-11-20T18:11:47Z" finished-at="2017-11-20T18:14:48Z">
    <groups>
    </groups>
    <test name="Default test" duration-ms="181059" started-at="2017-11-20T18:11:47Z" finished-at="2017-11-20T18:14:48Z">
      <class name="twoas.own">
        <test-method status="PASS" signature="setup()[pri:0, instance:twoas.own@59f99ea]" name="setup" is-config="true" duration-ms="181028" started-at="2017-11-20T23:41:47Z" finished-at="2017-11-20T23:44:48Z">
          <reporter-output>
          </reporter-output>
        </test-method> <!-- setup -->
        <test-method status="PASS" signature="aftertest()[pri:0, instance:twoas.own@59f99ea]" name="aftertest" is-config="true" duration-ms="0" started-at="2017-11-20T23:44:48Z" finished-at="2017-11-20T23:44:48Z">
          <reporter-output>
          </reporter-output>
        </test-method> <!-- aftertest -->
      </class> <!-- twoas.own -->
    </test> <!-- Default test -->
  </suite> <!-- Default suite -->
</testng-results>
