<?xml version="1.0" encoding="UTF-8"?>
<testng-results skipped="0" failed="0" ignored="0" total="1" passed="1">
  <reporter-output>
  </reporter-output>
  <suite name="Default suite" duration-ms="13503" started-at="2017-08-26T08:12:27Z" finished-at="2017-08-26T08:12:40Z">
    <groups>
    </groups>
    <test name="Default test" duration-ms="13503" started-at="2017-08-26T08:12:27Z" finished-at="2017-08-26T08:12:40Z">
      <class name="yicuu.Login">
        <test-method status="PASS" signature="login()[pri:0, instance:yicuu.Login@18be83e4]" name="login" duration-ms="13413" started-at="2017-08-26T13:42:27Z" finished-at="2017-08-26T13:42:40Z">
          <reporter-output>
          </reporter-output>
        </test-method> <!-- login -->
      </class> <!-- yicuu.Login -->
    </test> <!-- Default test -->
  </suite> <!-- Default suite -->
</testng-results>
