<?xml version="1.0" encoding="UTF-8"?>
<testng-results skipped="0" failed="0" ignored="0" total="1" passed="1">
  <reporter-output>
  </reporter-output>
  <suite name="Default suite" duration-ms="8220" started-at="2017-08-06T07:57:14Z" finished-at="2017-08-06T07:57:22Z">
    <groups>
    </groups>
    <test name="Default test" duration-ms="8220" started-at="2017-08-06T07:57:14Z" finished-at="2017-08-06T07:57:22Z">
      <class name="Dribble.news">
        <test-method status="PASS" signature="dlogin()[pri:0, instance:Dribble.news@2344fc66]" name="dlogin" duration-ms="8138" started-at="2017-08-06T13:27:14Z" finished-at="2017-08-06T13:27:22Z">
          <reporter-output>
          </reporter-output>
        </test-method> <!-- dlogin -->
      </class> <!-- Dribble.news -->
    </test> <!-- Default test -->
  </suite> <!-- Default suite -->
</testng-results>
