<?xml version="1.0" encoding="UTF-8"?>
<testng-results skipped="0" failed="0" ignored="0" total="1" passed="1">
  <reporter-output>
  </reporter-output>
  <suite name="Default suite" duration-ms="36261" started-at="2017-07-26T09:25:01Z" finished-at="2017-07-26T09:25:37Z">
    <groups>
    </groups>
    <test name="Default test" duration-ms="36261" started-at="2017-07-26T09:25:01Z" finished-at="2017-07-26T09:25:37Z">
      <class name="Run.Loginerp">
        <test-method status="PASS" signature="login()[pri:0, instance:Run.Loginerp@3ffc5af1]" name="login" duration-ms="36202" started-at="2017-07-26T14:55:01Z" finished-at="2017-07-26T14:55:37Z">
          <reporter-output>
          </reporter-output>
        </test-method> <!-- login -->
      </class> <!-- Run.Loginerp -->
    </test> <!-- Default test -->
  </suite> <!-- Default suite -->
</testng-results>
