<?xml version="1.0" encoding="UTF-8"?>
<testng-results skipped="0" failed="0" ignored="2" total="3" passed="1">
  <reporter-output>
  </reporter-output>
  <suite name="Default suite" duration-ms="120" started-at="2017-05-25T17:44:09Z" finished-at="2017-05-25T17:44:09Z">
    <groups>
    </groups>
    <test name="Default test" duration-ms="120" started-at="2017-05-25T17:44:09Z" finished-at="2017-05-25T17:44:09Z">
      <class name="demo1.NewTest">
        <test-method status="PASS" signature="testcase3()[pri:0, instance:demo1.NewTest@5c7fa833]" name="testcase3" duration-ms="25" started-at="2017-05-25T23:14:09Z" finished-at="2017-05-25T23:14:09Z">
          <reporter-output>
          </reporter-output>
        </test-method> <!-- testcase3 -->
      </class> <!-- demo1.NewTest -->
    </test> <!-- Default test -->
  </suite> <!-- Default suite -->
</testng-results>
